[ERR!] cwd  : /Users/lehmamic/Data/Misc/AngularSneakPeek/Client
[ERR!] os   : Darwin 14.5.0
[ERR!] argv : "node" "/usr/local/bin/tsd" "query" "angular2/angular2" "-v" "alpha.35"
[ERR!] node : v0.12.7
[ERR!] tsd  : 0.6.4
[ERR!] Error: expected "alpha.35" to be a valid semver-range
[ERR!] CODE : undefined
[ERR!] expected "alpha.35" to be a valid semver-range
[ERR!] If you need help, you may report this error at:
    https://github.com/DefinitelyTyped/tsd/issues

[ERR!] 
AssertionError: expected "alpha.35" to be a valid semver-range
    at assert (/usr/local/lib/node_modules/tsd/build/xm/assert.js:36:11)
    at new VersionMatcher (/usr/local/lib/node_modules/tsd/build/tsd/select/VersionMatcher.js:14:13)
    at /usr/local/lib/node_modules/tsd/build/tsd/CLI.js:119:40
    at tryCatch1 (/usr/local/lib/node_modules/tsd/node_modules/bluebird/js/main/util.js:63:19)
    at Promise$_callHandler [as _callHandler] (/usr/local/lib/node_modules/tsd/node_modules/bluebird/js/main/promise.js:695:13)
    at Promise$_settlePromiseFromHandler [as _settlePromiseFromHandler] (/usr/local/lib/node_modules/tsd/node_modules/bluebird/js/main/promise.js:711:18)
    at Promise$_settlePromiseAt [as _settlePromiseAt] (/usr/local/lib/node_modules/tsd/node_modules/bluebird/js/main/promise.js:868:14)
    at Promise$_settlePromises [as _settlePromises] (/usr/local/lib/node_modules/tsd/node_modules/bluebird/js/main/promise.js:1006:14)
    at Async$_consumeFunctionBuffer [as _consumeFunctionBuffer] (/usr/local/lib/node_modules/tsd/node_modules/bluebird/js/main/async.js:74:12)
    at Async$consumeFunctionBuffer (/usr/local/lib/node_modules/tsd/node_modules/bluebird/js/main/async.js:37:14)

[ERR!] tsd.json: {"version":"v4","repo":"borisyankov/DefinitelyTyped","ref":"master","path":"typings","bundle":"typings/tsd.d.ts","installed":{"rx/rx-lite.d.ts":{"commit":"32947c3ef7b1aed242e3cb6fa69e8f03ed0ebc16"},"rx/rx.d.ts":{"commit":"32947c3ef7b1aed242e3cb6fa69e8f03ed0ebc16"},"es6-promise/es6-promise.d.ts":{"commit":"32947c3ef7b1aed242e3cb6fa69e8f03ed0ebc16"},"angular2/angular2.d.ts":{"commit":"32947c3ef7b1aed242e3cb6fa69e8f03ed0ebc16"},"angular2/router.d.ts":{"commit":"32947c3ef7b1aed242e3cb6fa69e8f03ed0ebc16"}}}

[ERR!] .tsdrc could not be retrieved

[ERR!] Please include the following file with any support request:
    /Users/lehmamic/Data/Misc/AngularSneakPeek/Client/tsd-debug.log

